TN:
SF:C:\Users\dhadh\Desktop\politico\server\controllers\officies.js
FN:6,(anonymous_0)
FN:11,(anonymous_1)
FN:14,(anonymous_2)
FN:32,(anonymous_3)
FNF:4
FNH:4
FNDA:1,(anonymous_0)
FNDA:1,(anonymous_1)
FNDA:1,(anonymous_2)
FNDA:1,(anonymous_3)
DA:1,1
DA:3,1
DA:6,1
DA:7,1
DA:11,1
DA:12,1
DA:14,1
DA:15,1
DA:18,1
DA:19,1
DA:24,0
DA:32,1
DA:34,1
DA:35,0
DA:37,0
DA:39,0
DA:46,0
DA:48,0
DA:61,1
LF:19
LH:13
BRDA:18,0,0,1
BRDA:18,0,1,0
BRF:2
BRH:1
end_of_record
TN:
SF:C:\Users\dhadh\Desktop\politico\server\controllers\parties.js
FN:9,(anonymous_0)
FN:14,(anonymous_1)
FN:16,(anonymous_2)
FN:34,(anonymous_3)
FN:55,(anonymous_4)
FN:111,(anonymous_5)
FN:115,(anonymous_6)
FN:134,(anonymous_7)
FN:139,(anonymous_8)
FNF:9
FNH:8
FNDA:1,(anonymous_0)
FNDA:1,(anonymous_1)
FNDA:1,(anonymous_2)
FNDA:2,(anonymous_3)
FNDA:2,(anonymous_4)
FNDA:1,(anonymous_5)
FNDA:0,(anonymous_6)
FNDA:1,(anonymous_7)
FNDA:1,(anonymous_8)
DA:1,1
DA:2,1
DA:4,1
DA:6,1
DA:9,1
DA:10,1
DA:14,1
DA:15,1
DA:16,1
DA:17,1
DA:20,1
DA:21,1
DA:26,0
DA:34,1
DA:35,2
DA:52,2
DA:53,2
DA:55,2
DA:56,2
DA:57,0
DA:63,2
DA:111,1
DA:112,1
DA:113,1
DA:115,0
DA:116,0
DA:119,0
DA:120,0
DA:121,0
DA:126,0
DA:134,1
DA:135,1
DA:137,1
DA:139,1
DA:140,1
DA:141,1
DA:145,1
DA:151,1
LF:38
LH:30
BRDA:20,0,0,1
BRDA:20,0,1,0
BRDA:56,1,0,0
BRDA:56,1,1,2
BRDA:119,2,0,0
BRDA:119,2,1,0
BRDA:140,3,0,1
BRDA:140,3,1,0
BRDA:140,4,0,1
BRDA:140,4,1,1
BRF:10
BRH:5
end_of_record
TN:
SF:C:\Users\dhadh\Desktop\politico\server\models\officies.js
FNF:0
FNH:0
DA:1,1
DA:19,1
LF:2
LH:2
BRF:0
BRH:0
end_of_record
TN:
SF:C:\Users\dhadh\Desktop\politico\server\models\parties.js
FNF:0
FNH:0
DA:1,1
DA:26,1
LF:2
LH:2
BRF:0
BRH:0
end_of_record
TN:
SF:C:\Users\dhadh\Desktop\politico\server\routes\officies.js
FNF:0
FNH:0
DA:1,1
DA:2,1
DA:4,1
DA:8,1
DA:10,1
LF:5
LH:5
BRF:0
BRH:0
end_of_record
TN:
SF:C:\Users\dhadh\Desktop\politico\server\routes\parties.js
FNF:0
FNH:0
DA:1,1
DA:2,1
DA:4,1
DA:8,1
DA:15,1
LF:5
LH:5
BRF:0
BRH:0
end_of_record
