TN:
SF:C:\Users\dhadh\Desktop\politico\server\controllers\officies.js
FN:5,(anonymous_0)
FN:10,(anonymous_1)
FN:13,(anonymous_2)
FN:31,(anonymous_3)
FNF:4
FNH:4
FNDA:1,(anonymous_0)
FNDA:1,(anonymous_1)
FNDA:1,(anonymous_2)
FNDA:1,(anonymous_3)
DA:1,1
DA:2,1
DA:5,1
DA:6,1
DA:10,1
DA:11,1
DA:13,1
DA:14,1
DA:17,1
DA:18,1
DA:23,0
DA:31,1
DA:33,1
DA:34,0
DA:36,0
DA:38,0
DA:45,0
DA:47,0
DA:60,1
LF:19
LH:13
BRDA:17,0,0,1
BRDA:17,0,1,0
BRF:2
BRH:1
end_of_record
TN:
SF:C:\Users\dhadh\Desktop\politico\server\controllers\parties.js
FN:6,(anonymous_0)
FN:11,(anonymous_1)
FN:13,(anonymous_2)
FN:31,(anonymous_3)
FN:69,(anonymous_4)
FN:73,(anonymous_5)
FN:92,(anonymous_6)
FN:97,(anonymous_7)
FNF:8
FNH:7
FNDA:1,(anonymous_0)
FNDA:1,(anonymous_1)
FNDA:1,(anonymous_2)
FNDA:1,(anonymous_3)
FNDA:1,(anonymous_4)
FNDA:0,(anonymous_5)
FNDA:1,(anonymous_6)
FNDA:1,(anonymous_7)
DA:1,1
DA:3,1
DA:6,1
DA:7,1
DA:11,1
DA:12,1
DA:13,1
DA:14,1
DA:17,1
DA:18,1
DA:23,0
DA:31,1
DA:33,1
DA:34,0
DA:35,0
DA:36,0
DA:37,0
DA:39,0
DA:41,0
DA:50,0
DA:52,0
DA:69,1
DA:70,1
DA:71,1
DA:73,0
DA:74,0
DA:77,0
DA:78,0
DA:79,0
DA:84,0
DA:92,1
DA:93,1
DA:95,1
DA:97,1
DA:98,1
DA:99,1
DA:103,1
DA:109,1
LF:38
LH:23
BRDA:17,0,0,1
BRDA:17,0,1,0
BRDA:77,1,0,0
BRDA:77,1,1,0
BRDA:98,2,0,1
BRDA:98,2,1,0
BRDA:98,3,0,1
BRDA:98,3,1,1
BRF:8
BRH:4
end_of_record
TN:
SF:C:\Users\dhadh\Desktop\politico\server\models\officies.js
FNF:0
FNH:0
DA:1,1
DA:19,1
LF:2
LH:2
BRF:0
BRH:0
end_of_record
TN:
SF:C:\Users\dhadh\Desktop\politico\server\models\parties.js
FNF:0
FNH:0
DA:1,1
DA:26,1
LF:2
LH:2
BRF:0
BRH:0
end_of_record
TN:
SF:C:\Users\dhadh\Desktop\politico\server\routes\officies.js
FNF:0
FNH:0
DA:1,1
DA:2,1
DA:4,1
DA:8,1
DA:10,1
LF:5
LH:5
BRF:0
BRH:0
end_of_record
TN:
SF:C:\Users\dhadh\Desktop\politico\server\routes\parties.js
FNF:0
FNH:0
DA:1,1
DA:2,1
DA:4,1
DA:8,1
DA:15,1
LF:5
LH:5
BRF:0
BRH:0
end_of_record
